{"level":"INFO","message":"[3:38:21.749 AM]: Creating new connection object"}
{"level":"INFO","message":"[3:38:21.754 AM]: Creating Connection[id: 76687a1a-75b7-40a3-be87-ba00cd398ea5] with host: zd49589.east-us-2.azure.snowflakecomputing.com, account: zd49589, accessUrl: https://zd49589.east-us-2.azure.snowflakecomputing.com, user: marcos.molter@voeazul.com, role: CRM_USERS, database: SANDBOX_CRM, schema: PUBLIC, warehouse: CRM_WH, proxy was not configured, password is not provided, region: east-us-2.azure, authenticator: EXTERNALBROWSER, ocsp mode: FAIL_OPEN, os: win32, os version: 10.0.26200"}
{"level":"INFO","message":"[3:38:21.754 AM]: Connection[id: 76687a1a-75b7-40a3-be87-ba00cd398ea5] additional details: passcode in password is provided, passcode is not provided, private key is not provided, application: undefined, client name: snowflake-sdk, client version: 2.4.3, retry timeout: 300, private key path: undefined, private key pass is not provided, client store temporary credential: false, browser response timeout: 120000"}
{"level":"INFO","message":"[3:38:21.754 AM]: Connection[id: 76687a1a-75b7-40a3-be87-ba00cd398ea5] - connection object created successfully."}
{"level":"INFO","message":"[3:38:21.755 AM]: Connection[id: 76687a1a-75b7-40a3-be87-ba00cd398ea5] - async connecting. Associated Snowflake domain: GLOBAL"}
{"level":"INFO","message":"[3:38:21.755 AM]: Trying to initialize Easy Logging"}
{"level":"INFO","message":"[3:38:21.761 AM]: No client config detected."}
{"level":"INFO","message":"[3:38:21.761 AM]: No config file path found. Client config will not be used."}
{"level":"INFO","message":"[3:38:21.762 AM]: Easy Logging is disabled as no config has been found"}
{"level":"INFO","message":"[3:40:02.337 AM]: Creating new connection object"}
{"level":"INFO","message":"[3:40:02.342 AM]: Creating Connection[id: 0e0db246-7f2d-42b5-8c7d-b50d4a48d4c7] with host: zd49589.east-us-2.azure.snowflakecomputing.com, account: zd49589, accessUrl: https://zd49589.east-us-2.azure.snowflakecomputing.com, user: marcos.molter@voeazul.com, role: CRM_USERS, database: SANDBOX_CRM, schema: PUBLIC, warehouse: CRM_WH, proxy was not configured, password is not provided, region: east-us-2.azure, authenticator: EXTERNALBROWSER, ocsp mode: FAIL_OPEN, os: win32, os version: 10.0.26200"}
{"level":"INFO","message":"[3:40:02.342 AM]: Connection[id: 0e0db246-7f2d-42b5-8c7d-b50d4a48d4c7] additional details: passcode in password is provided, passcode is not provided, private key is not provided, application: undefined, client name: snowflake-sdk, client version: 2.4.3, retry timeout: 300, private key path: undefined, private key pass is not provided, client store temporary credential: false, browser response timeout: 120000"}
{"level":"INFO","message":"[3:40:02.343 AM]: Connection[id: 0e0db246-7f2d-42b5-8c7d-b50d4a48d4c7] - connection object created successfully."}
{"level":"INFO","message":"[3:40:02.343 AM]: Connection[id: 0e0db246-7f2d-42b5-8c7d-b50d4a48d4c7] - async connecting. Associated Snowflake domain: GLOBAL"}
{"level":"INFO","message":"[3:40:02.343 AM]: Trying to initialize Easy Logging"}
{"level":"INFO","message":"[3:40:02.346 AM]: No client config detected."}
{"level":"INFO","message":"[3:40:02.347 AM]: No config file path found. Client config will not be used."}
{"level":"INFO","message":"[3:40:02.347 AM]: Easy Logging is disabled as no config has been found"}
{"level":"ERROR","message":"[3:40:22.530 AM]: Connection[id: 76687a1a-75b7-40a3-be87-ba00cd398ea5] - failed during authentication. Error: Error: Error while getting SAML token: Browser action timed out after 120000 ms.\n    at eval (webpack-internal:///(rsc)/./node_modules/snowflake-sdk/dist/lib/authentication/auth_web.js:101:23)\n    at async openBrowserAndCollectTokens (webpack-internal:///(rsc)/./node_modules/snowflake-sdk/dist/lib/authentication/auth_web.js:100:38)"}
{"level":"ERROR","message":"[3:40:22.531 AM]: Connection[id: 76687a1a-75b7-40a3-be87-ba00cd398ea5] - connection failed after 120776.33 milliseconds. Error: Error while getting SAML token: Browser action timed out after 120000 ms."}
{"level":"INFO","message":"[3:40:38.641 AM]: Creating new connection object"}
{"level":"INFO","message":"[3:40:38.646 AM]: Creating Connection[id: fe83326f-d860-4e83-81e6-199c50b5ae5e] with host: zd49589.east-us-2.azure.snowflakecomputing.com, account: zd49589, accessUrl: https://zd49589.east-us-2.azure.snowflakecomputing.com, user: marcos.molter@voeazul.com, role: CRM_USERS, database: SANDBOX_CRM, schema: PUBLIC, warehouse: CRM_WH, proxy was not configured, password is not provided, region: east-us-2.azure, authenticator: EXTERNALBROWSER, ocsp mode: FAIL_OPEN, os: win32, os version: 10.0.26200"}
{"level":"INFO","message":"[3:40:38.647 AM]: Connection[id: fe83326f-d860-4e83-81e6-199c50b5ae5e] additional details: passcode in password is provided, passcode is not provided, private key is not provided, application: undefined, client name: snowflake-sdk, client version: 2.4.3, retry timeout: 300, private key path: undefined, private key pass is not provided, client store temporary credential: false, browser response timeout: 120000"}
{"level":"INFO","message":"[3:40:38.647 AM]: Connection[id: fe83326f-d860-4e83-81e6-199c50b5ae5e] - connection object created successfully."}
{"level":"INFO","message":"[3:40:38.648 AM]: Connection[id: fe83326f-d860-4e83-81e6-199c50b5ae5e] - async connecting. Associated Snowflake domain: GLOBAL"}
{"level":"INFO","message":"[3:40:38.648 AM]: Trying to initialize Easy Logging"}
{"level":"INFO","message":"[3:40:38.655 AM]: No client config detected."}
{"level":"INFO","message":"[3:40:38.655 AM]: No config file path found. Client config will not be used."}
{"level":"INFO","message":"[3:40:38.655 AM]: Easy Logging is disabled as no config has been found"}
{"level":"ERROR","message":"[3:42:02.948 AM]: Connection[id: 0e0db246-7f2d-42b5-8c7d-b50d4a48d4c7] - failed during authentication. Error: Error: Error while getting SAML token: Browser action timed out after 120000 ms.\n    at eval (webpack-internal:///(rsc)/./node_modules/snowflake-sdk/dist/lib/authentication/auth_web.js:101:23)\n    at async openBrowserAndCollectTokens (webpack-internal:///(rsc)/./node_modules/snowflake-sdk/dist/lib/authentication/auth_web.js:100:38)"}
{"level":"ERROR","message":"[3:42:02.949 AM]: Connection[id: 0e0db246-7f2d-42b5-8c7d-b50d4a48d4c7] - connection failed after 120605.53 milliseconds. Error: Error while getting SAML token: Browser action timed out after 120000 ms."}
{"level":"INFO","message":"[3:42:33.631 AM]: Creating new connection object"}
{"level":"INFO","message":"[3:42:33.635 AM]: Creating Connection[id: d4193fd3-a2ac-492c-8dc2-7107ec9f9543] with host: zd49589.east-us-2.azure.snowflakecomputing.com, account: zd49589, accessUrl: https://zd49589.east-us-2.azure.snowflakecomputing.com, user: marcos.molter@voeazul.com, role: CRM_USERS, database: SANDBOX_CRM, schema: PUBLIC, warehouse: CRM_WH, proxy was not configured, password is not provided, region: east-us-2.azure, authenticator: EXTERNALBROWSER, ocsp mode: FAIL_OPEN, os: win32, os version: 10.0.26200"}
{"level":"INFO","message":"[3:42:33.636 AM]: Connection[id: d4193fd3-a2ac-492c-8dc2-7107ec9f9543] additional details: passcode in password is provided, passcode is not provided, private key is not provided, application: undefined, client name: snowflake-sdk, client version: 2.4.3, retry timeout: 300, private key path: undefined, private key pass is not provided, client store temporary credential: true, browser response timeout: 120000"}
{"level":"INFO","message":"[3:42:33.636 AM]: Connection[id: d4193fd3-a2ac-492c-8dc2-7107ec9f9543] - connection object created successfully."}
{"level":"INFO","message":"[3:42:33.637 AM]: Connection[id: d4193fd3-a2ac-492c-8dc2-7107ec9f9543] - async connecting. Associated Snowflake domain: GLOBAL"}
{"level":"INFO","message":"[3:42:33.637 AM]: Custom credential manager is set by a user."}
{"level":"INFO","message":"[3:42:33.642 AM]: Trying to initialize Easy Logging"}
{"level":"INFO","message":"[3:42:33.643 AM]: No client config detected."}
{"level":"INFO","message":"[3:42:33.643 AM]: No config file path found. Client config will not be used."}
{"level":"INFO","message":"[3:42:33.643 AM]: Easy Logging is disabled as no config has been found"}
{"level":"ERROR","message":"[3:42:39.169 AM]: Connection[id: fe83326f-d860-4e83-81e6-199c50b5ae5e] - failed during authentication. Error: Error: Error while getting SAML token: Browser action timed out after 120000 ms.\n    at eval (webpack-internal:///(rsc)/./node_modules/snowflake-sdk/dist/lib/authentication/auth_web.js:101:23)\n    at async openBrowserAndCollectTokens (webpack-internal:///(rsc)/./node_modules/snowflake-sdk/dist/lib/authentication/auth_web.js:100:38)"}
{"level":"ERROR","message":"[3:42:39.169 AM]: Connection[id: fe83326f-d860-4e83-81e6-199c50b5ae5e] - connection failed after 120521.72 milliseconds. Error: Error while getting SAML token: Browser action timed out after 120000 ms."}
{"level":"ERROR","message":"[3:44:34.137 AM]: Connection[id: d4193fd3-a2ac-492c-8dc2-7107ec9f9543] - failed during authentication. Error: Error: Error while getting SAML token: Browser action timed out after 120000 ms.\n    at eval (webpack-internal:///(rsc)/./node_modules/snowflake-sdk/dist/lib/authentication/auth_web.js:101:23)\n    at async openBrowserAndCollectTokens (webpack-internal:///(rsc)/./node_modules/snowflake-sdk/dist/lib/authentication/auth_web.js:100:38)"}
{"level":"ERROR","message":"[3:44:34.137 AM]: Connection[id: d4193fd3-a2ac-492c-8dc2-7107ec9f9543] - connection failed after 120500.69 milliseconds. Error: Error while getting SAML token: Browser action timed out after 120000 ms."}
